生成启动时间为 2015/4/23 18:36:50。
     1>项目“E:\zengxianxi\VCPPwork\MBRDamage\MBRDamage.vcxproj”在节点 2 上(build 个目标)。
       项目文件包含 ToolsVersion="12.0"。此工具集可能未知或缺失。在这种情况下，通过安装 MSBuild 的正确版本，或许可以解决此问题。否则，该 build 可能已因策略原因而被强制为某个特定 ToolsVersion。将该项目视为其已具有 ToolsVersion="4.0"。有关详细信息，请参阅 http://go.microsoft.com/fwlink/?LinkId=291333。
     1>InitializeBuildStatus:
         正在创建“Release\MBRDamage.unsuccessfulbuild”，因为已指定“AlwaysCreate”。
       ClCompile:
         D:\Program Files (x86)\Microsoft Visual Studio 10.0\VC\bin\CL.exe /c /Zi /nologo /W3 /WX- /O2 /Oi /Oy- /GL /D WIN32 /D NDEBUG /D _CONSOLE /D _UNICODE /D UNICODE /Gm- /EHsc /MD /GS /Gy /fp:precise /Zc:wchar_t /Zc:forScope /Yc"StdAfx.h" /Fp"Release\MBRDamage.pch" /Fo"Release\\" /Fd"Release\vc100.pdb" /Gd /TP /analyze- /errorReport:prompt stdafx.cpp
         stdafx.cpp
         D:\Program Files (x86)\Microsoft Visual Studio 10.0\VC\bin\CL.exe /c /Zi /nologo /W3 /WX- /O2 /Oi /Oy- /GL /D WIN32 /D NDEBUG /D _CONSOLE /D _UNICODE /D UNICODE /Gm- /EHsc /MD /GS /Gy /fp:precise /Zc:wchar_t /Zc:forScope /Yu"StdAfx.h" /Fp"Release\MBRDamage.pch" /Fo"Release\\" /Fd"Release\vc100.pdb" /Gd /TP /analyze- /errorReport:prompt MBRDamage.cpp
         MBRDamage.cpp
     1>MBRDamage.cpp(70): warning C4996: 'scanf': This function or variable may be unsafe. Consider using scanf_s instead. To disable deprecation, use _CRT_SECURE_NO_WARNINGS. See online help for details.
                 D:\Program Files (x86)\Microsoft Visual Studio 10.0\VC\include\stdio.h(304) : 参见“scanf”的声明
       Link:
         D:\Program Files (x86)\Microsoft Visual Studio 10.0\VC\bin\link.exe /ERRORREPORT:PROMPT /OUT:"E:\zengxianxi\VCPPwork\MBRDamage\Release\MBRDamage.exe" /INCREMENTAL:NO /NOLOGO kernel32.lib user32.lib gdi32.lib winspool.lib comdlg32.lib advapi32.lib shell32.lib ole32.lib oleaut32.lib uuid.lib odbc32.lib odbccp32.lib /MANIFEST /ManifestFile:"Release\MBRDamage.exe.intermediate.manifest" /MANIFESTUAC:"level='asInvoker' uiAccess='false'" /DEBUG /PDB:"E:\zengxianxi\VCPPwork\MBRDamage\Release\MBRDamage.pdb" /SUBSYSTEM:CONSOLE /OPT:REF /OPT:ICF /LTCG /TLBID:1 /DYNAMICBASE /NXCOMPAT /IMPLIB:"E:\zengxianxi\VCPPwork\MBRDamage\Release\MBRDamage.lib" /MACHINE:X86 Release\MBRDamage.obj
         Release\stdafx.obj
         正在生成代码
     1>e:\zengxianxi\vcppwork\mbrdamage\mbrdamage.cpp(76): warning C4700: 使用了未初始化的局部变量“hinst”
         已完成代码的生成
         MBRDamage.vcxproj -> E:\zengxianxi\VCPPwork\MBRDamage\Release\MBRDamage.exe
       Manifest:
         C:\Program Files (x86)\Microsoft SDKs\Windows\v7.0A\bin\mt.exe /nologo /verbose /outputresource:"E:\zengxianxi\VCPPwork\MBRDamage\Release\MBRDamage.exe;#1" /manifest Release\MBRDamage.exe.intermediate.manifest
       FinalizeBuildStatus:
         正在删除文件“Release\MBRDamage.unsuccessfulbuild”。
         正在对“Release\MBRDamage.lastbuildstate”执行 Touch 任务。
     1>已完成生成项目“E:\zengxianxi\VCPPwork\MBRDamage\MBRDamage.vcxproj”(build 个目标)的操作。

生成成功。

已用时间 00:00:04.35
